<?xml version="1.0" encoding="UTF-8"?>
<testsuite xmlns:xsi="http://www.w3.org/2001/XMLSchema-instance" xsi:noNamespaceSchemaLocation="https://maven.apache.org/surefire/maven-surefire-plugin/xsd/surefire-test-report-3.0.xsd" version="3.0" name="com.mycompany.app.AppTest" time="0.029" tests="2" errors="0" skipped="0" failures="0">
  <properties>
    <property name="java.specification.version" value="17"/>
    <property name="sun.jnu.encoding" value="UTF-8"/>
    <property name="java.class.path" value="/Users/jandro/workspace/liquibase/liquibase-extension-testing/target/test-classes:/Users/jandro/workspace/liquibase/liquibase-extension-testing/target/classes:/Users/jandro/.m2/repository/org/junit/jupiter/junit-jupiter-api/5.10.0/junit-jupiter-api-5.10.0.jar:/Users/jandro/.m2/repository/org/opentest4j/opentest4j/1.3.0/opentest4j-1.3.0.jar:/Users/jandro/.m2/repository/org/junit/platform/junit-platform-commons/1.10.0/junit-platform-commons-1.10.0.jar:/Users/jandro/.m2/repository/org/apiguardian/apiguardian-api/1.1.2/apiguardian-api-1.1.2.jar:/Users/jandro/.m2/repository/org/liquibase/liquibase-core/4.24.0/liquibase-core-4.24.0.jar:/Users/jandro/.m2/repository/com/opencsv/opencsv/5.8/opencsv-5.8.jar:/Users/jandro/.m2/repository/org/apache/commons/commons-lang3/3.12.0/commons-lang3-3.12.0.jar:/Users/jandro/.m2/repository/org/apache/commons/commons-text/1.10.0/commons-text-1.10.0.jar:/Users/jandro/.m2/repository/org/apache/commons/commons-collections4/4.4/commons-collections4-4.4.jar:/Users/jandro/.m2/repository/org/yaml/snakeyaml/2.2/snakeyaml-2.2.jar:/Users/jandro/.m2/repository/javax/xml/bind/jaxb-api/2.3.1/jaxb-api-2.3.1.jar:/Users/jandro/.m2/repository/org/liquibase/liquibase-commercial/4.24.0/liquibase-commercial-4.24.0.jar:/Users/jandro/.m2/repository/org/codehaus/groovy/groovy/3.0.19/groovy-3.0.19.jar:/Users/jandro/.m2/repository/org/codehaus/groovy/groovy-ant/3.0.19/groovy-ant-3.0.19.jar:/Users/jandro/.m2/repository/org/apache/ant/ant/1.10.12/ant-1.10.12.jar:/Users/jandro/.m2/repository/org/apache/ant/ant-junit/1.10.12/ant-junit-1.10.12.jar:/Users/jandro/.m2/repository/org/apache/ant/ant-launcher/1.10.12/ant-launcher-1.10.12.jar:/Users/jandro/.m2/repository/org/apache/ant/ant-antlr/1.10.12/ant-antlr-1.10.12.jar:/Users/jandro/.m2/repository/org/codehaus/groovy/groovy-astbuilder/3.0.19/groovy-astbuilder-3.0.19.jar:/Users/jandro/.m2/repository/org/codehaus/groovy/groovy-cli-picocli/3.0.19/groovy-cli-picocli-3.0.19.jar:/Users/jandro/.m2/repository/info/picocli/picocli/4.6.3/picocli-4.6.3.jar:/Users/jandro/.m2/repository/org/codehaus/groovy/groovy-console/3.0.19/groovy-console-3.0.19.jar:/Users/jandro/.m2/repository/org/codehaus/groovy/groovy-datetime/3.0.19/groovy-datetime-3.0.19.jar:/Users/jandro/.m2/repository/org/codehaus/groovy/groovy-docgenerator/3.0.19/groovy-docgenerator-3.0.19.jar:/Users/jandro/.m2/repository/com/thoughtworks/qdox/qdox/1.12.1/qdox-1.12.1.jar:/Users/jandro/.m2/repository/org/codehaus/groovy/groovy-groovydoc/3.0.19/groovy-groovydoc-3.0.19.jar:/Users/jandro/.m2/repository/com/github/javaparser/javaparser-core/3.25.4/javaparser-core-3.25.4.jar:/Users/jandro/.m2/repository/org/codehaus/groovy/groovy-groovysh/3.0.19/groovy-groovysh-3.0.19.jar:/Users/jandro/.m2/repository/jline/jline/2.14.6/jline-2.14.6.jar:/Users/jandro/.m2/repository/org/codehaus/groovy/groovy-jmx/3.0.19/groovy-jmx-3.0.19.jar:/Users/jandro/.m2/repository/org/codehaus/groovy/groovy-json/3.0.19/groovy-json-3.0.19.jar:/Users/jandro/.m2/repository/org/codehaus/groovy/groovy-jsr223/3.0.19/groovy-jsr223-3.0.19.jar:/Users/jandro/.m2/repository/org/codehaus/groovy/groovy-macro/3.0.19/groovy-macro-3.0.19.jar:/Users/jandro/.m2/repository/org/codehaus/groovy/groovy-nio/3.0.19/groovy-nio-3.0.19.jar:/Users/jandro/.m2/repository/org/codehaus/groovy/groovy-servlet/3.0.19/groovy-servlet-3.0.19.jar:/Users/jandro/.m2/repository/org/codehaus/groovy/groovy-sql/3.0.19/groovy-sql-3.0.19.jar:/Users/jandro/.m2/repository/org/codehaus/groovy/groovy-swing/3.0.19/groovy-swing-3.0.19.jar:/Users/jandro/.m2/repository/org/codehaus/groovy/groovy-templates/3.0.19/groovy-templates-3.0.19.jar:/Users/jandro/.m2/repository/org/codehaus/groovy/groovy-test/3.0.19/groovy-test-3.0.19.jar:/Users/jandro/.m2/repository/org/codehaus/groovy/groovy-test-junit5/3.0.19/groovy-test-junit5-3.0.19.jar:/Users/jandro/.m2/repository/org/junit/platform/junit-platform-launcher/1.9.2/junit-platform-launcher-1.9.2.jar:/Users/jandro/.m2/repository/org/junit/jupiter/junit-jupiter-engine/5.10.0/junit-jupiter-engine-5.10.0.jar:/Users/jandro/.m2/repository/org/codehaus/groovy/groovy-xml/3.0.19/groovy-xml-3.0.19.jar:/Users/jandro/.m2/repository/com/athaydes/spock-reports/2.5.1-groovy-3.0/spock-reports-2.5.1-groovy-3.0.jar:/Users/jandro/.m2/repository/org/spockframework/spock-core/2.4-M1-groovy-3.0/spock-core-2.4-M1-groovy-3.0.jar:/Users/jandro/.m2/repository/org/junit/platform/junit-platform-engine/1.10.0/junit-platform-engine-1.10.0.jar:/Users/jandro/.m2/repository/org/hamcrest/hamcrest/2.2/hamcrest-2.2.jar:/Users/jandro/.m2/repository/org/liquibase/liquibase-test-harness/1.0.9/liquibase-test-harness-1.0.9.jar:/Users/jandro/.m2/repository/org/liquibase/liquibase-extension-testing/4.24.0/liquibase-extension-testing-4.24.0.jar:/Users/jandro/.m2/repository/org/testcontainers/mariadb/1.19.0/mariadb-1.19.0.jar:/Users/jandro/.m2/repository/org/testcontainers/jdbc/1.19.0/jdbc-1.19.0.jar:/Users/jandro/.m2/repository/org/testcontainers/database-commons/1.19.0/database-commons-1.19.0.jar:/Users/jandro/.m2/repository/org/testcontainers/testcontainers/1.19.0/testcontainers-1.19.0.jar:/Users/jandro/.m2/repository/org/apache/commons/commons-compress/1.23.0/commons-compress-1.23.0.jar:/Users/jandro/.m2/repository/org/rnorth/duct-tape/duct-tape/1.0.8/duct-tape-1.0.8.jar:/Users/jandro/.m2/repository/org/jetbrains/annotations/17.0.0/annotations-17.0.0.jar:/Users/jandro/.m2/repository/com/github/docker-java/docker-java-api/3.3.3/docker-java-api-3.3.3.jar:/Users/jandro/.m2/repository/com/fasterxml/jackson/core/jackson-annotations/2.10.3/jackson-annotations-2.10.3.jar:/Users/jandro/.m2/repository/com/github/docker-java/docker-java-transport-zerodep/3.3.3/docker-java-transport-zerodep-3.3.3.jar:/Users/jandro/.m2/repository/com/github/docker-java/docker-java-transport/3.3.3/docker-java-transport-3.3.3.jar:/Users/jandro/.m2/repository/net/java/dev/jna/jna/5.12.1/jna-5.12.1.jar:/Users/jandro/.m2/repository/org/testcontainers/mssqlserver/1.19.0/mssqlserver-1.19.0.jar:/Users/jandro/.m2/repository/org/testcontainers/mysql/1.19.0/mysql-1.19.0.jar:/Users/jandro/.m2/repository/org/testcontainers/oracle-xe/1.19.0/oracle-xe-1.19.0.jar:/Users/jandro/.m2/repository/org/testcontainers/postgresql/1.19.0/postgresql-1.19.0.jar:/Users/jandro/.m2/repository/org/testcontainers/cockroachdb/1.19.0/cockroachdb-1.19.0.jar:/Users/jandro/.m2/repository/org/testcontainers/db2/1.19.0/db2-1.19.0.jar:/Users/jandro/.m2/repository/org/firebirdsql/firebird-testcontainers-java/1.3.0/firebird-testcontainers-java-1.3.0.jar:/Users/jandro/.m2/repository/org/slf4j/slf4j-jdk14/2.0.9/slf4j-jdk14-2.0.9.jar:/Users/jandro/.m2/repository/org/slf4j/slf4j-api/2.0.9/slf4j-api-2.0.9.jar:/Users/jandro/.m2/repository/junit/junit/4.13.2/junit-4.13.2.jar:/Users/jandro/.m2/repository/org/hamcrest/hamcrest-core/1.3/hamcrest-core-1.3.jar:"/>
    <property name="java.vm.vendor" value="Eclipse Adoptium"/>
    <property name="com.athaydes.spockframework.report.outputDir" value="/Users/jandro/workspace/liquibase/liquibase-extension-testing/target/spock-reports"/>
    <property name="sun.arch.data.model" value="64"/>
    <property name="java.vendor.url" value="https://adoptium.net/"/>
    <property name="user.timezone" value="Europe/Madrid"/>
    <property name="os.name" value="Mac OS X"/>
    <property name="java.vm.specification.version" value="17"/>
    <property name="sun.java.launcher" value="SUN_STANDARD"/>
    <property name="user.country" value="US"/>
    <property name="sun.boot.library.path" value="/Library/Java/JavaVirtualMachines/temurin-17.jdk/Contents/Home/lib"/>
    <property name="sun.java.command" value="/Users/jandro/workspace/liquibase/liquibase-extension-testing/target/surefire/surefirebooter-20231114105308245_3.jar /Users/jandro/workspace/liquibase/liquibase-extension-testing/target/surefire 2023-11-14T10-53-08_056-jvmRun1 surefire-20231114105308245_1tmp surefire_0-20231114105308245_2tmp"/>
    <property name="http.nonProxyHosts" value="local|*.local|169.254/16|*.169.254/16"/>
    <property name="jdk.debug" value="release"/>
    <property name="surefire.test.class.path" value="/Users/jandro/workspace/liquibase/liquibase-extension-testing/target/test-classes:/Users/jandro/workspace/liquibase/liquibase-extension-testing/target/classes:/Users/jandro/.m2/repository/org/junit/jupiter/junit-jupiter-api/5.10.0/junit-jupiter-api-5.10.0.jar:/Users/jandro/.m2/repository/org/opentest4j/opentest4j/1.3.0/opentest4j-1.3.0.jar:/Users/jandro/.m2/repository/org/junit/platform/junit-platform-commons/1.10.0/junit-platform-commons-1.10.0.jar:/Users/jandro/.m2/repository/org/apiguardian/apiguardian-api/1.1.2/apiguardian-api-1.1.2.jar:/Users/jandro/.m2/repository/org/liquibase/liquibase-core/4.24.0/liquibase-core-4.24.0.jar:/Users/jandro/.m2/repository/com/opencsv/opencsv/5.8/opencsv-5.8.jar:/Users/jandro/.m2/repository/org/apache/commons/commons-lang3/3.12.0/commons-lang3-3.12.0.jar:/Users/jandro/.m2/repository/org/apache/commons/commons-text/1.10.0/commons-text-1.10.0.jar:/Users/jandro/.m2/repository/org/apache/commons/commons-collections4/4.4/commons-collections4-4.4.jar:/Users/jandro/.m2/repository/org/yaml/snakeyaml/2.2/snakeyaml-2.2.jar:/Users/jandro/.m2/repository/javax/xml/bind/jaxb-api/2.3.1/jaxb-api-2.3.1.jar:/Users/jandro/.m2/repository/org/liquibase/liquibase-commercial/4.24.0/liquibase-commercial-4.24.0.jar:/Users/jandro/.m2/repository/org/codehaus/groovy/groovy/3.0.19/groovy-3.0.19.jar:/Users/jandro/.m2/repository/org/codehaus/groovy/groovy-ant/3.0.19/groovy-ant-3.0.19.jar:/Users/jandro/.m2/repository/org/apache/ant/ant/1.10.12/ant-1.10.12.jar:/Users/jandro/.m2/repository/org/apache/ant/ant-junit/1.10.12/ant-junit-1.10.12.jar:/Users/jandro/.m2/repository/org/apache/ant/ant-launcher/1.10.12/ant-launcher-1.10.12.jar:/Users/jandro/.m2/repository/org/apache/ant/ant-antlr/1.10.12/ant-antlr-1.10.12.jar:/Users/jandro/.m2/repository/org/codehaus/groovy/groovy-astbuilder/3.0.19/groovy-astbuilder-3.0.19.jar:/Users/jandro/.m2/repository/org/codehaus/groovy/groovy-cli-picocli/3.0.19/groovy-cli-picocli-3.0.19.jar:/Users/jandro/.m2/repository/info/picocli/picocli/4.6.3/picocli-4.6.3.jar:/Users/jandro/.m2/repository/org/codehaus/groovy/groovy-console/3.0.19/groovy-console-3.0.19.jar:/Users/jandro/.m2/repository/org/codehaus/groovy/groovy-datetime/3.0.19/groovy-datetime-3.0.19.jar:/Users/jandro/.m2/repository/org/codehaus/groovy/groovy-docgenerator/3.0.19/groovy-docgenerator-3.0.19.jar:/Users/jandro/.m2/repository/com/thoughtworks/qdox/qdox/1.12.1/qdox-1.12.1.jar:/Users/jandro/.m2/repository/org/codehaus/groovy/groovy-groovydoc/3.0.19/groovy-groovydoc-3.0.19.jar:/Users/jandro/.m2/repository/com/github/javaparser/javaparser-core/3.25.4/javaparser-core-3.25.4.jar:/Users/jandro/.m2/repository/org/codehaus/groovy/groovy-groovysh/3.0.19/groovy-groovysh-3.0.19.jar:/Users/jandro/.m2/repository/jline/jline/2.14.6/jline-2.14.6.jar:/Users/jandro/.m2/repository/org/codehaus/groovy/groovy-jmx/3.0.19/groovy-jmx-3.0.19.jar:/Users/jandro/.m2/repository/org/codehaus/groovy/groovy-json/3.0.19/groovy-json-3.0.19.jar:/Users/jandro/.m2/repository/org/codehaus/groovy/groovy-jsr223/3.0.19/groovy-jsr223-3.0.19.jar:/Users/jandro/.m2/repository/org/codehaus/groovy/groovy-macro/3.0.19/groovy-macro-3.0.19.jar:/Users/jandro/.m2/repository/org/codehaus/groovy/groovy-nio/3.0.19/groovy-nio-3.0.19.jar:/Users/jandro/.m2/repository/org/codehaus/groovy/groovy-servlet/3.0.19/groovy-servlet-3.0.19.jar:/Users/jandro/.m2/repository/org/codehaus/groovy/groovy-sql/3.0.19/groovy-sql-3.0.19.jar:/Users/jandro/.m2/repository/org/codehaus/groovy/groovy-swing/3.0.19/groovy-swing-3.0.19.jar:/Users/jandro/.m2/repository/org/codehaus/groovy/groovy-templates/3.0.19/groovy-templates-3.0.19.jar:/Users/jandro/.m2/repository/org/codehaus/groovy/groovy-test/3.0.19/groovy-test-3.0.19.jar:/Users/jandro/.m2/repository/org/codehaus/groovy/groovy-test-junit5/3.0.19/groovy-test-junit5-3.0.19.jar:/Users/jandro/.m2/repository/org/junit/platform/junit-platform-launcher/1.9.2/junit-platform-launcher-1.9.2.jar:/Users/jandro/.m2/repository/org/junit/jupiter/junit-jupiter-engine/5.10.0/junit-jupiter-engine-5.10.0.jar:/Users/jandro/.m2/repository/org/codehaus/groovy/groovy-xml/3.0.19/groovy-xml-3.0.19.jar:/Users/jandro/.m2/repository/com/athaydes/spock-reports/2.5.1-groovy-3.0/spock-reports-2.5.1-groovy-3.0.jar:/Users/jandro/.m2/repository/org/spockframework/spock-core/2.4-M1-groovy-3.0/spock-core-2.4-M1-groovy-3.0.jar:/Users/jandro/.m2/repository/org/junit/platform/junit-platform-engine/1.10.0/junit-platform-engine-1.10.0.jar:/Users/jandro/.m2/repository/org/hamcrest/hamcrest/2.2/hamcrest-2.2.jar:/Users/jandro/.m2/repository/org/liquibase/liquibase-test-harness/1.0.9/liquibase-test-harness-1.0.9.jar:/Users/jandro/.m2/repository/org/liquibase/liquibase-extension-testing/4.24.0/liquibase-extension-testing-4.24.0.jar:/Users/jandro/.m2/repository/org/testcontainers/mariadb/1.19.0/mariadb-1.19.0.jar:/Users/jandro/.m2/repository/org/testcontainers/jdbc/1.19.0/jdbc-1.19.0.jar:/Users/jandro/.m2/repository/org/testcontainers/database-commons/1.19.0/database-commons-1.19.0.jar:/Users/jandro/.m2/repository/org/testcontainers/testcontainers/1.19.0/testcontainers-1.19.0.jar:/Users/jandro/.m2/repository/org/apache/commons/commons-compress/1.23.0/commons-compress-1.23.0.jar:/Users/jandro/.m2/repository/org/rnorth/duct-tape/duct-tape/1.0.8/duct-tape-1.0.8.jar:/Users/jandro/.m2/repository/org/jetbrains/annotations/17.0.0/annotations-17.0.0.jar:/Users/jandro/.m2/repository/com/github/docker-java/docker-java-api/3.3.3/docker-java-api-3.3.3.jar:/Users/jandro/.m2/repository/com/fasterxml/jackson/core/jackson-annotations/2.10.3/jackson-annotations-2.10.3.jar:/Users/jandro/.m2/repository/com/github/docker-java/docker-java-transport-zerodep/3.3.3/docker-java-transport-zerodep-3.3.3.jar:/Users/jandro/.m2/repository/com/github/docker-java/docker-java-transport/3.3.3/docker-java-transport-3.3.3.jar:/Users/jandro/.m2/repository/net/java/dev/jna/jna/5.12.1/jna-5.12.1.jar:/Users/jandro/.m2/repository/org/testcontainers/mssqlserver/1.19.0/mssqlserver-1.19.0.jar:/Users/jandro/.m2/repository/org/testcontainers/mysql/1.19.0/mysql-1.19.0.jar:/Users/jandro/.m2/repository/org/testcontainers/oracle-xe/1.19.0/oracle-xe-1.19.0.jar:/Users/jandro/.m2/repository/org/testcontainers/postgresql/1.19.0/postgresql-1.19.0.jar:/Users/jandro/.m2/repository/org/testcontainers/cockroachdb/1.19.0/cockroachdb-1.19.0.jar:/Users/jandro/.m2/repository/org/testcontainers/db2/1.19.0/db2-1.19.0.jar:/Users/jandro/.m2/repository/org/firebirdsql/firebird-testcontainers-java/1.3.0/firebird-testcontainers-java-1.3.0.jar:/Users/jandro/.m2/repository/org/slf4j/slf4j-jdk14/2.0.9/slf4j-jdk14-2.0.9.jar:/Users/jandro/.m2/repository/org/slf4j/slf4j-api/2.0.9/slf4j-api-2.0.9.jar:/Users/jandro/.m2/repository/junit/junit/4.13.2/junit-4.13.2.jar:/Users/jandro/.m2/repository/org/hamcrest/hamcrest-core/1.3/hamcrest-core-1.3.jar:"/>
    <property name="sun.cpu.endian" value="little"/>
    <property name="user.home" value="/Users/jandro"/>
    <property name="user.language" value="en"/>
    <property name="java.specification.vendor" value="Oracle Corporation"/>
    <property name="java.version.date" value="2023-10-17"/>
    <property name="java.home" value="/Library/Java/JavaVirtualMachines/temurin-17.jdk/Contents/Home"/>
    <property name="file.separator" value="/"/>
    <property name="basedir" value="/Users/jandro/workspace/liquibase/liquibase-extension-testing"/>
    <property name="java.vm.compressedOopsMode" value="Zero based"/>
    <property name="line.separator" value="&#10;"/>
    <property name="java.vm.specification.vendor" value="Oracle Corporation"/>
    <property name="java.specification.name" value="Java Platform API Specification"/>
    <property name="surefire.real.class.path" value="/Users/jandro/workspace/liquibase/liquibase-extension-testing/target/surefire/surefirebooter-20231114105308245_3.jar"/>
    <property name="sun.management.compiler" value="HotSpot 64-Bit Tiered Compilers"/>
    <property name="ftp.nonProxyHosts" value="local|*.local|169.254/16|*.169.254/16"/>
    <property name="java.runtime.version" value="17.0.9+9"/>
    <property name="user.name" value="jandro"/>
    <property name="path.separator" value=":"/>
    <property name="os.version" value="14.1"/>
    <property name="java.runtime.name" value="OpenJDK Runtime Environment"/>
    <property name="file.encoding" value="UTF-8"/>
    <property name="java.vm.name" value="OpenJDK 64-Bit Server VM"/>
    <property name="java.vendor.version" value="Temurin-17.0.9+9"/>
    <property name="localRepository" value="/Users/jandro/.m2/repository"/>
    <property name="java.vendor.url.bug" value="https://github.com/adoptium/adoptium-support/issues"/>
    <property name="java.io.tmpdir" value="/var/folders/z7/5wmgtcxj1wlcb9q58w4my8l40000gn/T/"/>
    <property name="java.version" value="17.0.9"/>
    <property name="user.dir" value="/Users/jandro/workspace/liquibase/liquibase-extension-testing"/>
    <property name="os.arch" value="aarch64"/>
    <property name="java.vm.specification.name" value="Java Virtual Machine Specification"/>
    <property name="native.encoding" value="UTF-8"/>
    <property name="java.library.path" value="/Users/jandro/Library/Java/Extensions:/Library/Java/Extensions:/Network/Library/Java/Extensions:/System/Library/Java/Extensions:/usr/lib/java:."/>
    <property name="java.vm.info" value="mixed mode"/>
    <property name="java.vendor" value="Eclipse Adoptium"/>
    <property name="java.vm.version" value="17.0.9+9"/>
    <property name="sun.io.unicode.encoding" value="UnicodeBig"/>
    <property name="socksNonProxyHosts" value="local|*.local|169.254/16|*.169.254/16"/>
    <property name="java.class.version" value="61.0"/>
  </properties>
  <testcase name="testAppConstructor" classname="com.mycompany.app.AppTest" time="0.01"/>
  <testcase name="testAppMessage" classname="com.mycompany.app.AppTest" time="0.001"/>
</testsuite>